------------------------------------------
M.U.G.E.N ver 1.00 (2011.01.18) status log
------------------------------------------
Parsing command line...
Command line: C:\Users\kepps\repos\dbh-mugen-fall-2018\mugen100\mugen\mugen.exe
Parse command line OK
Initializing...
Allocating game variables
Reading configuration file...OK
Initializing timer...performance timer enabled...frequency 2742186...OK
Initializing keyboard...configuring...OK
Initializing input engine...OK
Initializing sound...Using SDL audio driver: dsound
Requesting mixer parameters (44100, 16, 2, 2048)...
Opened mixer with parameters (44100, 16, 2, 2048)...
OK
Initializing BGM...BGMThreadInit returned 0
OK
Initializing graphics...gameCoord 1280x720...render mode 0_0...trying 1280x720x16 mode 0x0...success...OK
Setting callbacks...OK
Initializing font...OK
Initializing game variables...OK
Loading system fonts...OK
Loading options...
Initializing pads...failed
Reinitializing input engine...OK
Remapping keys...OK
Reinitializing input engine...OK
Options loaded OK
Loading system...
  Load system file system.def...OK
  Load system spr...OK
  Load system snd...OK
  Load system fonts...OK
  Load system anim...OK
  Load [Title Info]...OK
  Load [Option Info]...OK
  Load [Select Info]...OK
  Load [VS Screen]...OK
  Load [Victory Screen]...OK
  Load [Demo Mode]...OK
  Load [Continue Screen]...OK
  Load [Game Over Screen]...OK
  Load [Win Screen]...OK
  Load [Survival Results Screen]...OK
  Load [Default Ending]...OK
  Load [End Credits]...OK
  Load TitleBG...VersusBG...VictoryBG...SelectBG...OptionBG...OK
  Loading fight data
    Opening fight data file data/mugen1/fight.def...OK
    Reading [Files]...OK
    Loading fonts...OK
    Load fight anim...OK
    Reading [Lifebar]...[Turns Lifebar]...[Simul Lifebar]...[Powerbar]...
    [Face]...[Simul Face]...[Turns Face]...
    [Name]...[Simul Name]...[Turns Name]...
    [Time]...[Combo]...[Round]...[WinIcon]...OK
    Allocating explods...OK
  Fight data loaded OK
System loaded OK
Initialize OK
Set up graphics...timer...OK
Initializing character info...OK
Initializing select screen...finding characters...OK

Entering main loop
Entering character select.
attempting load and start...no BGM...attempting load and start...no BGM...Loading character chars/Storm/Storm.def...
  Loading info...OK
  Loading cmd command set storm_AI_hard.cmd...OK
  Loading cns storm.cns...OK
  Loading cns storm2.cns...OK
  Loading cns specials.cns...OK
  Loading cns hypers.cns...OK
  Loading cns other.cns...OK
  Loading cns helpers.cns...OK
  Loading cmd state entry storm_AI_hard.cmd...OK
  Loading common states common1.cns...OK
  Unloading command names...OK
  Loading sff storm.sff...OK
  Loading anim storm.air...OK
  Loading snd storm.snd...OK
  Loading pals...(1,1)(1,2)(1,3)(1,4)(1,5)(1,6)OK
  SFF v1.01 palette hack engaged.
  12443 expressions (3963 on trigger lines)
Character Storm.def loaded OK
attempting load and start...no BGM...Initializing stage...
  Loading BG...OK
  Allocating helpers...OK
Stage initialized OK
attempting load of sound/jiren_ultimate_stage.mp3...hooking mixer callback...
success!
Start of game loop
prebuffering BGM...
End of game loop
Total time: 16.22s
Total frames: 974 	Skipped frames: 0
Avg game rate: 60.05
Avg frame rate: 60.05

attempting load and start...no BGM...attempting load and start...no BGM...Initializing stage...
  Loading BG...attempting load of sound/mm3wily3.mid...OK
  Allocating helpers...OK
Stage initialized OK
unhooking mixer callback...
success!
Start of game loop
prebuffering BGM...
End of game loop
Total time: 20.61s
Total frames: 1238 	Skipped frames: 3
Avg game rate: 60.07
Avg frame rate: 59.92

attempting load and start...no BGM...Entering character select.
attempting load and start...no BGM...Returned from main loop
Deinitializing...
Frames      : 2212
Time elapsed: 60.990 sec
ticks: 6099, tps: 100, start 42, end 6141

Clearing player cache...OK
Freeing character info...OK
Freeing select screen...OK
Freeing fight data...OK
Freeing system data...OK
Freeing game variables...OK
Deinitializing input...pad...keyboard...OK
Removing callbacks...OK
Deintializing timer...OK
Deinitializing graphics...OK
Deinitializing BGM...
Mixer callback was entered 462 times
Mixer callback timing stats (last 462 calls):
	4.000000 median, 4.833333 avg, 4.427287 sample std. dev.
Top 10 slowest times:	73 (1), 37 (1), 29 (1), 27 (1), 25 (1), 17 (1), 16 (1), 15 (1), 14 (1), 13 (4)
Top 10 fastest times:	2 (25), 3 (107), 4 (171), 5 (93), 6 (24), 7 (7), 8 (5), 9 (7), 10 (4), 12 (6)
OK
Deinitializing sound...OK
Successful program termination.

Log file successfully closed.
